Сборка начата 29.03.2017 10:45:06.
     1>Проект "C:\c++_дз\projects\С++_дз\2 курс\2 semestr\лабораторні\Лаб.3\lab_3\lab_3\lab_3.vcxproj" в узле 2 (целевые объекты Build).
     1>ClCompile:
         C:\Program Files (x86)\Microsoft Visual Studio 12.0\VC\bin\CL.exe /c /AI"C:\Program Files (x86)\Reference Assemblies\Microsoft\Framework\.NETFramework\v4.0" /AI"C:\Program Files (x86)\Windows Kits\8.1\References\CommonConfiguration\Neutral" /Zi /clr /nologo /W3 /WX- /Od /Oy- /D WIN32 /D _DEBUG /D _UNICODE /D UNICODE /EHa /MDd /GS /fp:precise /Zc:wchar_t /Zc:forScope /Fo"Debug\\" /Fd"Debug\vc120.pdb" /TP /FU"C:\Program Files (x86)\Reference Assemblies\Microsoft\Framework\.NETFramework\v4.0\mscorlib.dll" /FU"C:\Program Files (x86)\Reference Assemblies\Microsoft\Framework\.NETFramework\v4.0\System.Data.dll" /FU"C:\Program Files (x86)\Reference Assemblies\Microsoft\Framework\.NETFramework\v4.0\System.dll" /FU"C:\Program Files (x86)\Reference Assemblies\Microsoft\Framework\.NETFramework\v4.0\System.Drawing.dll" /FU"C:\Program Files (x86)\Reference Assemblies\Microsoft\Framework\.NETFramework\v4.0\System.Windows.Forms.dll" /FU"C:\Program Files (x86)\Reference Assemblies\Microsoft\Framework\.NETFramework\v4.0\System.Xml.dll" /analyze- /errorReport:prompt /clr:nostdlib game.cpp
         game.cpp
     1>c:\c++_дз\projects\с++_дз\2 курс\2 semestr\лабораторні\лаб.3\lab_3\lab_3\game.h(227): warning C4996: '_sleep': This function or variable has been superceded by newer library or operating system functionality. Consider using Sleep instead. See online help for details.
                 C:\Program Files (x86)\Microsoft Visual Studio 12.0\VC\include\stdlib.h(911): см. объявление "_sleep"
     1>c:\c++_дз\projects\с++_дз\2 курс\2 semestr\лабораторні\лаб.3\lab_3\lab_3\game.h(229): warning C4996: '_sleep': This function or variable has been superceded by newer library or operating system functionality. Consider using Sleep instead. See online help for details.
                 C:\Program Files (x86)\Microsoft Visual Studio 12.0\VC\include\stdlib.h(911): см. объявление "_sleep"
     1>c:\c++_дз\projects\с++_дз\2 курс\2 semestr\лабораторні\лаб.3\lab_3\lab_3\game.h(252): warning C4244: аргумент: преобразование "int" в "float", возможна потеря данных
     1>c:\c++_дз\projects\с++_дз\2 курс\2 semestr\лабораторні\лаб.3\lab_3\lab_3\game.h(253): warning C4244: аргумент: преобразование "int" в "float", возможна потеря данных
     1>c:\c++_дз\projects\с++_дз\2 курс\2 semestr\лабораторні\лаб.3\lab_3\lab_3\game.h(254): warning C4244: аргумент: преобразование "int" в "float", возможна потеря данных
     1>c:\c++_дз\projects\с++_дз\2 курс\2 semestr\лабораторні\лаб.3\lab_3\lab_3\game.h(255): warning C4244: аргумент: преобразование "int" в "float", возможна потеря данных
     1>c:\c++_дз\projects\с++_дз\2 курс\2 semestr\лабораторні\лаб.3\lab_3\lab_3\game.h(256): warning C4244: аргумент: преобразование "int" в "float", возможна потеря данных
     1>c:\c++_дз\projects\с++_дз\2 курс\2 semestr\лабораторні\лаб.3\lab_3\lab_3\game.h(257): warning C4244: аргумент: преобразование "int" в "float", возможна потеря данных
     1>c:\c++_дз\projects\с++_дз\2 курс\2 semestr\лабораторні\лаб.3\lab_3\lab_3\game.h(258): warning C4244: аргумент: преобразование "int" в "float", возможна потеря данных
     1>c:\c++_дз\projects\с++_дз\2 курс\2 semestr\лабораторні\лаб.3\lab_3\lab_3\game.h(275): warning C4244: аргумент: преобразование "int" в "float", возможна потеря данных
     1>c:\c++_дз\projects\с++_дз\2 курс\2 semestr\лабораторні\лаб.3\lab_3\lab_3\game.h(276): warning C4244: аргумент: преобразование "int" в "float", возможна потеря данных
     1>c:\c++_дз\projects\с++_дз\2 курс\2 semestr\лабораторні\лаб.3\lab_3\lab_3\game.h(277): warning C4244: аргумент: преобразование "int" в "float", возможна потеря данных
     1>c:\c++_дз\projects\с++_дз\2 курс\2 semestr\лабораторні\лаб.3\lab_3\lab_3\game.h(278): warning C4244: аргумент: преобразование "int" в "float", возможна потеря данных
     1>c:\c++_дз\projects\с++_дз\2 курс\2 semestr\лабораторні\лаб.3\lab_3\lab_3\game.h(279): warning C4244: аргумент: преобразование "int" в "float", возможна потеря данных
     1>c:\c++_дз\projects\с++_дз\2 курс\2 semestr\лабораторні\лаб.3\lab_3\lab_3\game.h(280): warning C4244: аргумент: преобразование "int" в "float", возможна потеря данных
     1>c:\c++_дз\projects\с++_дз\2 курс\2 semestr\лабораторні\лаб.3\lab_3\lab_3\game.h(281): warning C4244: аргумент: преобразование "int" в "float", возможна потеря данных
       Link:
         C:\Program Files (x86)\Microsoft Visual Studio 12.0\VC\bin\link.exe /ERRORREPORT:PROMPT /OUT:"C:\c++_дз\projects\С++_дз\2 курс\2 semestr\лабораторні\Лаб.3\lab_3\Debug\lab_3.exe" /INCREMENTAL /NOLOGO /ASSEMBLYRESOURCE:Debug\lab_3.game.resources /MANIFEST /MANIFESTUAC:"level='asInvoker' uiAccess='false'" /manifest:embed /DEBUG /PDB:"C:\c++_дз\projects\С++_дз\2 курс\2 semestr\лабораторні\Лаб.3\lab_3\Debug\lab_3.pdb" /ASSEMBLYDEBUG /TLBID:1 /DYNAMICBASE /FIXED:NO /NXCOMPAT /MACHINE:X86 Debug\game.obj
         "Debug\.NETFramework,Version=v4.0.AssemblyAttributes.obj"
         lab_3.vcxproj -> C:\c++_дз\projects\С++_дз\2 курс\2 semestr\лабораторні\Лаб.3\lab_3\Debug\lab_3.exe
     1>Сборка проекта "C:\c++_дз\projects\С++_дз\2 курс\2 semestr\лабораторні\Лаб.3\lab_3\lab_3\lab_3.vcxproj" завершена (целевые объекты Build).

Сборка успешно завершена.

Затраченное время: 00:00:01.31
